--- Copying files at Mon Jul 28 14:54:04 UTC 2025
INSTALLED plugins/pipeline-stage-step.jpi : 322.vecffa_99f371c
INSTALLED plugins/joda-time-api.jpi : 2.14.0-149.v1c3ce991d1b_9
INSTALLED plugins/json-path-api.jpi : 2.9.0-178.vca_b_c71881321
INSTALLED plugins/asm-api.jpi : 9.8-163.vb_2a_96d3f9c3c
INSTALLED plugins/credentials-binding.jpi : 702.vfe613e537e88
INSTALLED plugins/workflow-step-api.jpi : 704.ve4f0967e98fa_
INSTALLED plugins/display-url-api.jpi : 2.209.v582ed814ff2f
INSTALLED plugins/cloudbees-folder.jpi : 6.1036.vb_94fd035b_287
INSTALLED plugins/workflow-support.jpi : 968.v8f17397e87b_8
INSTALLED plugins/pipeline-build-step.jpi : 571.v08a_fffd4b_0ce
INSTALLED plugins/workflow-multibranch.jpi : 806.vb_b_688f609ee9
INSTALLED plugins/pipeline-model-api.jpi : 2.2258.v4e96d2b_da_f9b_
INSTALLED plugins/caffeine-api.jpi : 3.2.2-178.v353b_8428ed56
INSTALLED plugins/pipeline-groovy-lib.jpi : 752.vdddedf804e72
INSTALLED plugins/apache-httpcomponents-client-4-api.jpi : 4.5.14-269.vfa_2321039a_83
INSTALLED plugins/github.jpi : 1.44.0
INSTALLED plugins/okhttp-api.jpi : 4.11.0-189.v976fa_d3379d6
INSTALLED plugins/ssh-credentials.jpi : 359.v2191c4cf635f
INSTALLED plugins/jaxb.jpi : 2.3.9-133.vb_ec76a_73f706
INSTALLED plugins/branch-api.jpi : 2.1233.vfb_6b_2b_3ed499
INSTALLED plugins/git-client.jpi : 6.2.0
INSTALLED plugins/pipeline-model-definition.jpi : 2.2258.v4e96d2b_da_f9b_
INSTALLED plugins/credentials.jpi : 1417.vd854994a_f6b_e
INSTALLED plugins/workflow-basic-steps.jpi : 1079.vce64b_a_929c5a_
INSTALLED plugins/workflow-api.jpi : 1380.ve03e7a_63d139
INSTALLED plugins/workflow-aggregator.jpi : 608.v67378e9d3db_1
INSTALLED plugins/commons-lang3-api.jpi : 3.18.0-98.v3a_674c06072d
INSTALLED plugins/github-api.jpi : 1.321-488.v9b_c0da_9533f8
INSTALLED plugins/pipeline-model-extensions.jpi : 2.2258.v4e96d2b_da_f9b_
INSTALLED plugins/jackson2-api.jpi : 2.19.2-408.v18248a_324cfe
INSTALLED plugins/workflow-scm-step.jpi : 437.v05a_f66b_e5ef8
INSTALLED plugins/jakarta-mail-api.jpi : 2.1.3-2
INSTALLED plugins/ionicons-api.jpi : 88.va_4187cb_eddf1
INSTALLED plugins/job-dsl.jpi : 1.93
INSTALLED plugins/pipeline-milestone-step.jpi : 138.v78ca_76831a_43
INSTALLED plugins/mailer.jpi : 509.vc54d23fc427e
INSTALLED plugins/git.jpi : 5.7.0
INSTALLED plugins/instance-identity.jpi : 203.v15e81a_1b_7a_38
INSTALLED plugins/workflow-job.jpi : 1540.v295eccc9778f
INSTALLED plugins/variant.jpi : 70.va_d9f17f859e0
INSTALLED plugins/script-security.jpi : 1373.vb_b_4a_a_c26fa_00
INSTALLED plugins/token-macro.jpi : 444.v52de7e9c573d
INSTALLED plugins/pipeline-stage-tags-metadata.jpi : 2.2258.v4e96d2b_da_f9b_
INSTALLED plugins/workflow-cps.jpi : 4169.vb_7e492a_1c7b_e
INSTALLED plugins/jakarta-activation-api.jpi : 2.1.3-2
INSTALLED plugins/pipeline-input-step.jpi : 532.v9e7466cb_4406
INSTALLED plugins/json-api.jpi : 20250517-163.v1c5da_e99c775
INSTALLED plugins/mina-sshd-api-common.jpi : 2.15.0-161.vb_200831a_c15b_
INSTALLED plugins/snakeyaml-api.jpi : 2.3-125.v4d77857a_b_402
INSTALLED plugins/workflow-durable-task-step.jpi : 1442.vb_a_b_f5f3da_9f9
INSTALLED plugins/gson-api.jpi : 2.13.1-153.vb_3d0c48a_a_b_4a_
INSTALLED plugins/durable-task.jpi : 594.v093d5387225c
INSTALLED plugins/scm-api.jpi : 704.v3ce5c542825a_
INSTALLED plugins/bouncycastle-api.jpi : 2.30.1.80-261.v00c0e2618ec3
INSTALLED plugins/structs.jpi : 350.v3b_30f09f2363
INSTALLED plugins/javax-activation-api.jpi : 1.2.0-8
INSTALLED plugins/plain-credentials.jpi : 199.v9f8e1f741799
INSTALLED plugins/mina-sshd-api-core.jpi : 2.15.0-161.vb_200831a_c15b_
--- Copied files finished at Mon Jul 28 14:54:07 UTC 2025
--- Copying files at Mon Jul 28 14:59:45 UTC 2025
--- Copied files finished at Mon Jul 28 14:59:47 UTC 2025
--- Copying files at Mon Jul 28 15:01:21 UTC 2025
--- Copied files finished at Mon Jul 28 15:01:23 UTC 2025
