2025/07/21 12:19:09 [emerg] 1#1: duplicate "log_format" name "main" in /etc/nginx/conf.d/default.conf:3
2025/07/21 12:20:17 [notice] 1#1: using the "epoll" event method
2025/07/21 12:20:17 [notice] 1#1: nginx/1.29.0
2025/07/21 12:20:17 [notice] 1#1: built by gcc 12.2.0 (Debian 12.2.0-14+deb12u1) 
2025/07/21 12:20:17 [notice] 1#1: OS: Linux 5.15.167.4-microsoft-standard-WSL2
2025/07/21 12:20:17 [notice] 1#1: getrlimit(RLIMIT_NOFILE): 1048576:1048576
2025/07/21 12:20:17 [notice] 1#1: start worker processes
2025/07/21 12:20:17 [notice] 1#1: start worker process 28
2025/07/21 12:20:17 [notice] 1#1: start worker process 29
2025/07/21 12:20:17 [notice] 1#1: start worker process 30
2025/07/21 12:20:17 [notice] 1#1: start worker process 31
2025/07/21 12:20:17 [notice] 1#1: start worker process 32
2025/07/21 12:20:17 [notice] 1#1: start worker process 33
2025/07/21 12:20:17 [notice] 1#1: start worker process 34
2025/07/21 12:20:17 [notice] 1#1: start worker process 35
2025/07/21 12:22:04 [notice] 1#1: signal 3 (SIGQUIT) received, shutting down
2025/07/21 12:22:04 [notice] 28#28: gracefully shutting down
2025/07/21 12:22:04 [notice] 31#31: gracefully shutting down
2025/07/21 12:22:04 [notice] 30#30: gracefully shutting down
2025/07/21 12:22:04 [notice] 29#29: gracefully shutting down
2025/07/21 12:22:04 [notice] 33#33: gracefully shutting down
2025/07/21 12:22:04 [notice] 32#32: gracefully shutting down
2025/07/21 12:22:04 [notice] 35#35: gracefully shutting down
2025/07/21 12:22:04 [notice] 28#28: exiting
2025/07/21 12:22:04 [notice] 34#34: gracefully shutting down
2025/07/21 12:22:04 [notice] 31#31: exiting
2025/07/21 12:22:04 [notice] 30#30: exiting
2025/07/21 12:22:04 [notice] 29#29: exiting
2025/07/21 12:22:04 [notice] 33#33: exiting
2025/07/21 12:22:04 [notice] 29#29: exit
2025/07/21 12:22:04 [notice] 32#32: exiting
2025/07/21 12:22:04 [notice] 35#35: exiting
2025/07/21 12:22:04 [notice] 28#28: exit
2025/07/21 12:22:04 [notice] 34#34: exiting
2025/07/21 12:22:04 [notice] 31#31: exit
2025/07/21 12:22:04 [notice] 30#30: exit
2025/07/21 12:22:04 [notice] 33#33: exit
2025/07/21 12:22:04 [notice] 32#32: exit
2025/07/21 12:22:04 [notice] 35#35: exit
2025/07/21 12:22:04 [notice] 34#34: exit
2025/07/21 12:22:04 [notice] 1#1: signal 17 (SIGCHLD) received from 29
2025/07/21 12:22:04 [notice] 1#1: worker process 29 exited with code 0
2025/07/21 12:22:04 [notice] 1#1: signal 29 (SIGIO) received
2025/07/21 12:22:04 [notice] 1#1: signal 17 (SIGCHLD) received from 34
2025/07/21 12:22:04 [notice] 1#1: worker process 31 exited with code 0
2025/07/21 12:22:04 [notice] 1#1: worker process 32 exited with code 0
2025/07/21 12:22:04 [notice] 1#1: worker process 34 exited with code 0
2025/07/21 12:22:04 [notice] 1#1: signal 29 (SIGIO) received
2025/07/21 12:22:04 [notice] 1#1: signal 17 (SIGCHLD) received from 33
2025/07/21 12:22:04 [notice] 1#1: worker process 33 exited with code 0
2025/07/21 12:22:04 [notice] 1#1: worker process 35 exited with code 0
2025/07/21 12:22:04 [notice] 1#1: signal 29 (SIGIO) received
2025/07/21 12:22:04 [notice] 1#1: signal 17 (SIGCHLD) received from 30
2025/07/21 12:22:04 [notice] 1#1: worker process 30 exited with code 0
2025/07/21 12:22:04 [notice] 1#1: signal 29 (SIGIO) received
2025/07/21 12:22:04 [notice] 1#1: signal 17 (SIGCHLD) received from 28
2025/07/21 12:22:04 [notice] 1#1: worker process 28 exited with code 0
2025/07/21 12:22:04 [notice] 1#1: exit
2025/07/21 12:22:14 [notice] 1#1: using the "epoll" event method
2025/07/21 12:22:14 [notice] 1#1: nginx/1.29.0
2025/07/21 12:22:14 [notice] 1#1: built by gcc 12.2.0 (Debian 12.2.0-14+deb12u1) 
2025/07/21 12:22:14 [notice] 1#1: OS: Linux 5.15.167.4-microsoft-standard-WSL2
2025/07/21 12:22:14 [notice] 1#1: getrlimit(RLIMIT_NOFILE): 1048576:1048576
2025/07/21 12:22:14 [notice] 1#1: start worker processes
2025/07/21 12:22:14 [notice] 1#1: start worker process 28
2025/07/21 12:22:14 [notice] 1#1: start worker process 29
2025/07/21 12:22:14 [notice] 1#1: start worker process 30
2025/07/21 12:22:14 [notice] 1#1: start worker process 31
2025/07/21 12:22:14 [notice] 1#1: start worker process 32
2025/07/21 12:22:14 [notice] 1#1: start worker process 33
2025/07/21 12:22:14 [notice] 1#1: start worker process 34
2025/07/21 12:22:14 [notice] 1#1: start worker process 35
2025/07/21 12:28:25 [notice] 1#1: signal 3 (SIGQUIT) received, shutting down
2025/07/21 12:28:25 [notice] 29#29: gracefully shutting down
2025/07/21 12:28:25 [notice] 28#28: gracefully shutting down
2025/07/21 12:28:25 [notice] 31#31: gracefully shutting down
2025/07/21 12:28:25 [notice] 34#34: gracefully shutting down
2025/07/21 12:28:25 [notice] 31#31: exiting
2025/07/21 12:28:25 [notice] 30#30: gracefully shutting down
2025/07/21 12:28:25 [notice] 35#35: gracefully shutting down
2025/07/21 12:28:25 [notice] 33#33: gracefully shutting down
2025/07/21 12:28:25 [notice] 32#32: gracefully shutting down
2025/07/21 12:28:25 [notice] 29#29: exiting
2025/07/21 12:28:25 [notice] 28#28: exiting
2025/07/21 12:28:25 [notice] 29#29: exit
2025/07/21 12:28:25 [notice] 34#34: exiting
2025/07/21 12:28:25 [notice] 30#30: exiting
2025/07/21 12:28:25 [notice] 31#31: exit
2025/07/21 12:28:25 [notice] 35#35: exiting
2025/07/21 12:28:25 [notice] 33#33: exiting
2025/07/21 12:28:25 [notice] 32#32: exiting
2025/07/21 12:28:25 [notice] 28#28: exit
2025/07/21 12:28:25 [notice] 34#34: exit
2025/07/21 12:28:25 [notice] 30#30: exit
2025/07/21 12:28:25 [notice] 35#35: exit
2025/07/21 12:28:25 [notice] 33#33: exit
2025/07/21 12:28:25 [notice] 32#32: exit
2025/07/21 12:28:25 [notice] 1#1: signal 17 (SIGCHLD) received from 31
2025/07/21 12:28:25 [notice] 1#1: worker process 29 exited with code 0
2025/07/21 12:28:25 [notice] 1#1: worker process 31 exited with code 0
2025/07/21 12:28:25 [notice] 1#1: worker process 32 exited with code 0
2025/07/21 12:28:25 [notice] 1#1: worker process 34 exited with code 0
2025/07/21 12:28:25 [notice] 1#1: signal 29 (SIGIO) received
2025/07/21 12:28:25 [notice] 1#1: signal 17 (SIGCHLD) received from 35
2025/07/21 12:28:25 [notice] 1#1: worker process 28 exited with code 0
2025/07/21 12:28:25 [notice] 1#1: worker process 33 exited with code 0
2025/07/21 12:28:25 [notice] 1#1: worker process 35 exited with code 0
2025/07/21 12:28:25 [notice] 1#1: signal 29 (SIGIO) received
2025/07/21 12:28:25 [notice] 1#1: signal 17 (SIGCHLD) received from 33
2025/07/21 12:28:25 [notice] 1#1: signal 17 (SIGCHLD) received from 30
2025/07/21 12:28:25 [notice] 1#1: worker process 30 exited with code 0
2025/07/21 12:28:25 [notice] 1#1: exit
2025/07/21 12:28:37 [notice] 1#1: using the "epoll" event method
2025/07/21 12:28:37 [notice] 1#1: nginx/1.29.0
2025/07/21 12:28:37 [notice] 1#1: built by gcc 12.2.0 (Debian 12.2.0-14+deb12u1) 
2025/07/21 12:28:37 [notice] 1#1: OS: Linux 5.15.167.4-microsoft-standard-WSL2
2025/07/21 12:28:37 [notice] 1#1: getrlimit(RLIMIT_NOFILE): 1048576:1048576
2025/07/21 12:28:37 [notice] 1#1: start worker processes
2025/07/21 12:28:37 [notice] 1#1: start worker process 28
2025/07/21 12:28:37 [notice] 1#1: start worker process 29
2025/07/21 12:28:37 [notice] 1#1: start worker process 30
2025/07/21 12:28:37 [notice] 1#1: start worker process 31
2025/07/21 12:28:37 [notice] 1#1: start worker process 32
2025/07/21 12:28:37 [notice] 1#1: start worker process 33
2025/07/21 12:28:37 [notice] 1#1: start worker process 34
2025/07/21 12:28:37 [notice] 1#1: start worker process 35
2025/07/21 12:37:34 [notice] 1#1: signal 3 (SIGQUIT) received, shutting down
2025/07/21 12:37:34 [notice] 28#28: gracefully shutting down
2025/07/21 12:37:34 [notice] 29#29: gracefully shutting down
2025/07/21 12:37:34 [notice] 33#33: gracefully shutting down
2025/07/21 12:37:34 [notice] 31#31: gracefully shutting down
2025/07/21 12:37:34 [notice] 34#34: gracefully shutting down
2025/07/21 12:37:34 [notice] 31#31: exiting
2025/07/21 12:37:34 [notice] 35#35: gracefully shutting down
2025/07/21 12:37:34 [notice] 30#30: gracefully shutting down
2025/07/21 12:37:34 [notice] 32#32: gracefully shutting down
2025/07/21 12:37:34 [notice] 30#30: exiting
2025/07/21 12:37:34 [notice] 28#28: exiting
2025/07/21 12:37:34 [notice] 29#29: exiting
2025/07/21 12:37:34 [notice] 33#33: exiting
2025/07/21 12:37:34 [notice] 34#34: exiting
2025/07/21 12:37:34 [notice] 35#35: exiting
2025/07/21 12:37:34 [notice] 31#31: exit
2025/07/21 12:37:34 [notice] 32#32: exiting
2025/07/21 12:37:34 [notice] 30#30: exit
2025/07/21 12:37:34 [notice] 28#28: exit
2025/07/21 12:37:34 [notice] 29#29: exit
2025/07/21 12:37:34 [notice] 33#33: exit
2025/07/21 12:37:34 [notice] 34#34: exit
2025/07/21 12:37:34 [notice] 35#35: exit
2025/07/21 12:37:34 [notice] 32#32: exit
2025/07/21 12:37:35 [notice] 1#1: signal 17 (SIGCHLD) received from 28
2025/07/21 12:37:35 [notice] 1#1: worker process 28 exited with code 0
2025/07/21 12:37:35 [notice] 1#1: worker process 32 exited with code 0
2025/07/21 12:37:35 [notice] 1#1: signal 29 (SIGIO) received
2025/07/21 12:37:35 [notice] 1#1: signal 17 (SIGCHLD) received from 32
2025/07/21 12:37:35 [notice] 1#1: signal 17 (SIGCHLD) received from 35
2025/07/21 12:37:35 [notice] 1#1: worker process 30 exited with code 0
2025/07/21 12:37:35 [notice] 1#1: worker process 35 exited with code 0
2025/07/21 12:37:35 [notice] 1#1: signal 29 (SIGIO) received
2025/07/21 12:37:35 [notice] 1#1: signal 17 (SIGCHLD) received from 30
2025/07/21 12:37:35 [notice] 1#1: signal 17 (SIGCHLD) received from 34
2025/07/21 12:37:35 [notice] 1#1: worker process 31 exited with code 0
2025/07/21 12:37:35 [notice] 1#1: worker process 33 exited with code 0
2025/07/21 12:37:35 [notice] 1#1: worker process 34 exited with code 0
2025/07/21 12:37:35 [notice] 1#1: signal 29 (SIGIO) received
2025/07/21 12:37:35 [notice] 1#1: signal 17 (SIGCHLD) received from 31
2025/07/21 12:37:35 [notice] 1#1: signal 17 (SIGCHLD) received from 29
2025/07/21 12:37:35 [notice] 1#1: worker process 29 exited with code 0
2025/07/21 12:37:35 [notice] 1#1: exit
2025/07/21 12:37:46 [notice] 1#1: using the "epoll" event method
2025/07/21 12:37:46 [notice] 1#1: nginx/1.29.0
2025/07/21 12:37:46 [notice] 1#1: built by gcc 12.2.0 (Debian 12.2.0-14+deb12u1) 
2025/07/21 12:37:46 [notice] 1#1: OS: Linux 5.15.167.4-microsoft-standard-WSL2
2025/07/21 12:37:46 [notice] 1#1: getrlimit(RLIMIT_NOFILE): 1048576:1048576
2025/07/21 12:37:46 [notice] 1#1: start worker processes
2025/07/21 12:37:46 [notice] 1#1: start worker process 28
2025/07/21 12:37:46 [notice] 1#1: start worker process 29
2025/07/21 12:37:46 [notice] 1#1: start worker process 30
2025/07/21 12:37:46 [notice] 1#1: start worker process 31
2025/07/21 12:37:46 [notice] 1#1: start worker process 32
2025/07/21 12:37:46 [notice] 1#1: start worker process 33
2025/07/21 12:37:46 [notice] 1#1: start worker process 34
2025/07/21 12:37:46 [notice] 1#1: start worker process 35
2025/07/21 12:39:51 [error] 28#28: *1 SSL_do_handshake() failed (SSL: error:0A000438:SSL routines::tlsv1 alert internal error:SSL alert number 80) while SSL handshaking to upstream, client: 172.20.0.1, server: localhost, request: "POST /api/token HTTP/1.1", upstream: "https://159.89.140.122:443/api/token", host: "localhost"
2025/07/21 12:39:51 [info] 28#28: *1 client 172.20.0.1 closed keepalive connection
2025/07/21 12:40:10 [error] 29#29: *3 SSL_do_handshake() failed (SSL: error:0A000438:SSL routines::tlsv1 alert internal error:SSL alert number 80) while SSL handshaking to upstream, client: 172.20.0.1, server: localhost, request: "POST /api/token HTTP/1.1", upstream: "https://159.89.140.122:443/api/token", host: "localhost"
2025/07/21 12:40:10 [info] 29#29: *3 client 172.20.0.1 closed keepalive connection
2025/07/21 12:42:10 [notice] 1#1: signal 3 (SIGQUIT) received, shutting down
2025/07/21 12:42:10 [notice] 28#28: gracefully shutting down
2025/07/21 12:42:10 [notice] 34#34: gracefully shutting down
2025/07/21 12:42:10 [notice] 29#29: gracefully shutting down
2025/07/21 12:42:10 [notice] 32#32: gracefully shutting down
2025/07/21 12:42:10 [notice] 30#30: gracefully shutting down
2025/07/21 12:42:10 [notice] 28#28: exiting
2025/07/21 12:42:10 [notice] 33#33: gracefully shutting down
2025/07/21 12:42:10 [notice] 34#34: exiting
2025/07/21 12:42:10 [notice] 35#35: gracefully shutting down
2025/07/21 12:42:10 [notice] 31#31: gracefully shutting down
2025/07/21 12:42:10 [notice] 29#29: exiting
2025/07/21 12:42:10 [notice] 30#30: exiting
2025/07/21 12:42:10 [notice] 32#32: exiting
2025/07/21 12:42:10 [notice] 28#28: exit
2025/07/21 12:42:10 [notice] 33#33: exiting
2025/07/21 12:42:10 [notice] 34#34: exit
2025/07/21 12:42:10 [notice] 35#35: exiting
2025/07/21 12:42:10 [notice] 31#31: exiting
2025/07/21 12:42:10 [notice] 29#29: exit
2025/07/21 12:42:10 [notice] 30#30: exit
2025/07/21 12:42:10 [notice] 32#32: exit
2025/07/21 12:42:10 [notice] 33#33: exit
2025/07/21 12:42:10 [notice] 35#35: exit
2025/07/21 12:42:10 [notice] 31#31: exit
2025/07/21 12:42:10 [notice] 1#1: signal 17 (SIGCHLD) received from 31
2025/07/21 12:42:10 [notice] 1#1: worker process 29 exited with code 0
2025/07/21 12:42:10 [notice] 1#1: worker process 31 exited with code 0
2025/07/21 12:42:10 [notice] 1#1: worker process 32 exited with code 0
2025/07/21 12:42:10 [notice] 1#1: worker process 33 exited with code 0
2025/07/21 12:42:10 [notice] 1#1: worker process 34 exited with code 0
2025/07/21 12:42:10 [notice] 1#1: worker process 35 exited with code 0
2025/07/21 12:42:10 [notice] 1#1: signal 29 (SIGIO) received
2025/07/21 12:42:10 [notice] 1#1: signal 17 (SIGCHLD) received from 32
2025/07/21 12:42:10 [notice] 1#1: signal 17 (SIGCHLD) received from 30
2025/07/21 12:42:10 [notice] 1#1: worker process 28 exited with code 0
2025/07/21 12:42:10 [notice] 1#1: worker process 30 exited with code 0
2025/07/21 12:42:10 [notice] 1#1: exit
2025/07/21 12:42:20 [notice] 1#1: using the "epoll" event method
2025/07/21 12:42:20 [notice] 1#1: nginx/1.29.0
2025/07/21 12:42:20 [notice] 1#1: built by gcc 12.2.0 (Debian 12.2.0-14+deb12u1) 
2025/07/21 12:42:20 [notice] 1#1: OS: Linux 5.15.167.4-microsoft-standard-WSL2
2025/07/21 12:42:20 [notice] 1#1: getrlimit(RLIMIT_NOFILE): 1048576:1048576
2025/07/21 12:42:20 [notice] 1#1: start worker processes
2025/07/21 12:42:20 [notice] 1#1: start worker process 28
2025/07/21 12:42:20 [notice] 1#1: start worker process 29
2025/07/21 12:42:20 [notice] 1#1: start worker process 30
2025/07/21 12:42:20 [notice] 1#1: start worker process 31
2025/07/21 12:42:20 [notice] 1#1: start worker process 32
2025/07/21 12:42:20 [notice] 1#1: start worker process 33
2025/07/21 12:42:20 [notice] 1#1: start worker process 34
2025/07/21 12:42:20 [notice] 1#1: start worker process 35
2025/07/21 12:42:34 [info] 28#28: *1 client 172.20.0.1 closed keepalive connection
2025/07/21 12:42:47 [info] 29#29: *3 client 172.20.0.1 closed keepalive connection
2025/07/21 12:42:50 [info] 30#30: *5 client 172.20.0.1 closed keepalive connection
2025/07/22 08:26:43 [info] 31#31: *7 client 172.20.0.1 closed keepalive connection
2025/07/22 08:45:32 [notice] 1#1: signal 3 (SIGQUIT) received, shutting down
2025/07/22 08:45:32 [notice] 31#31: gracefully shutting down
2025/07/22 08:45:32 [notice] 29#29: gracefully shutting down
2025/07/22 08:45:32 [notice] 28#28: gracefully shutting down
2025/07/22 08:45:32 [notice] 30#30: gracefully shutting down
2025/07/22 08:45:32 [notice] 32#32: gracefully shutting down
2025/07/22 08:45:32 [notice] 33#33: gracefully shutting down
2025/07/22 08:45:32 [notice] 34#34: gracefully shutting down
2025/07/22 08:45:32 [notice] 35#35: gracefully shutting down
2025/07/22 08:45:32 [notice] 31#31: exiting
2025/07/22 08:45:32 [notice] 29#29: exiting
2025/07/22 08:45:32 [notice] 30#30: exiting
2025/07/22 08:45:32 [notice] 28#28: exiting
2025/07/22 08:45:32 [notice] 32#32: exiting
2025/07/22 08:45:32 [notice] 33#33: exiting
2025/07/22 08:45:32 [notice] 35#35: exiting
2025/07/22 08:45:32 [notice] 29#29: exit
2025/07/22 08:45:32 [notice] 34#34: exiting
2025/07/22 08:45:32 [notice] 31#31: exit
2025/07/22 08:45:32 [notice] 32#32: exit
2025/07/22 08:45:32 [notice] 30#30: exit
2025/07/22 08:45:32 [notice] 33#33: exit
2025/07/22 08:45:32 [notice] 28#28: exit
2025/07/22 08:45:32 [notice] 35#35: exit
2025/07/22 08:45:32 [notice] 34#34: exit
2025/07/22 08:45:32 [notice] 1#1: signal 17 (SIGCHLD) received from 35
2025/07/22 08:45:32 [notice] 1#1: worker process 29 exited with code 0
2025/07/22 08:45:32 [notice] 1#1: worker process 34 exited with code 0
2025/07/22 08:45:32 [notice] 1#1: worker process 35 exited with code 0
2025/07/22 08:45:32 [notice] 1#1: signal 29 (SIGIO) received
2025/07/22 08:45:32 [notice] 1#1: signal 17 (SIGCHLD) received from 34
2025/07/22 08:45:32 [notice] 1#1: signal 17 (SIGCHLD) received from 32
2025/07/22 08:45:32 [notice] 1#1: worker process 28 exited with code 0
2025/07/22 08:45:32 [notice] 1#1: worker process 30 exited with code 0
2025/07/22 08:45:32 [notice] 1#1: worker process 31 exited with code 0
2025/07/22 08:45:32 [notice] 1#1: worker process 32 exited with code 0
2025/07/22 08:45:32 [notice] 1#1: worker process 33 exited with code 0
2025/07/22 08:45:32 [notice] 1#1: exit
2025/07/22 08:45:42 [notice] 1#1: using the "epoll" event method
2025/07/22 08:45:42 [notice] 1#1: nginx/1.29.0
2025/07/22 08:45:42 [notice] 1#1: built by gcc 12.2.0 (Debian 12.2.0-14+deb12u1) 
2025/07/22 08:45:42 [notice] 1#1: OS: Linux 5.15.167.4-microsoft-standard-WSL2
2025/07/22 08:45:42 [notice] 1#1: getrlimit(RLIMIT_NOFILE): 1048576:1048576
2025/07/22 08:45:42 [notice] 1#1: start worker processes
2025/07/22 08:45:42 [notice] 1#1: start worker process 28
2025/07/22 08:45:42 [notice] 1#1: start worker process 29
2025/07/22 08:45:42 [notice] 1#1: start worker process 30
2025/07/22 08:45:42 [notice] 1#1: start worker process 31
2025/07/22 08:45:42 [notice] 1#1: start worker process 32
2025/07/22 08:45:42 [notice] 1#1: start worker process 33
2025/07/22 08:45:42 [notice] 1#1: start worker process 34
2025/07/22 08:45:42 [notice] 1#1: start worker process 35
2025/07/22 08:50:53 [error] 30#30: *3 open() "/usr/share/nginx/html/results" failed (2: No such file or directory), client: 172.20.0.1, server: localhost, request: "GET /results?prompt=k HTTP/1.1", host: "localhost"
2025/07/22 08:50:53 [error] 30#30: *3 open() "/usr/share/nginx/html/.well-known/appspecific/com.chrome.devtools.json" failed (2: No such file or directory), client: 172.20.0.1, server: localhost, request: "GET /.well-known/appspecific/com.chrome.devtools.json HTTP/1.1", host: "localhost"
2025/07/22 08:50:55 [error] 30#30: *3 open() "/usr/share/nginx/html/results" failed (2: No such file or directory), client: 172.20.0.1, server: localhost, request: "GET /results?prompt=k HTTP/1.1", host: "localhost"
2025/07/22 08:50:55 [error] 30#30: *3 open() "/usr/share/nginx/html/.well-known/appspecific/com.chrome.devtools.json" failed (2: No such file or directory), client: 172.20.0.1, server: localhost, request: "GET /.well-known/appspecific/com.chrome.devtools.json HTTP/1.1", host: "localhost"
2025/07/22 08:51:05 [error] 30#30: *3 open() "/usr/share/nginx/html/results" failed (2: No such file or directory), client: 172.20.0.1, server: localhost, request: "GET /results?prompt=kwww HTTP/1.1", host: "localhost"
2025/07/22 08:51:05 [error] 30#30: *3 open() "/usr/share/nginx/html/.well-known/appspecific/com.chrome.devtools.json" failed (2: No such file or directory), client: 172.20.0.1, server: localhost, request: "GET /.well-known/appspecific/com.chrome.devtools.json HTTP/1.1", host: "localhost"
2025/07/22 08:51:30 [error] 30#30: *3 open() "/usr/share/nginx/html/.well-known/appspecific/com.chrome.devtools.json" failed (2: No such file or directory), client: 172.20.0.1, server: localhost, request: "GET /.well-known/appspecific/com.chrome.devtools.json HTTP/1.1", host: "localhost"
2025/07/22 08:58:37 [error] 33#33: *15 open() "/usr/share/nginx/html/results" failed (2: No such file or directory), client: 172.20.0.1, server: localhost, request: "GET /results?prompt=hhf HTTP/1.1", host: "localhost"
2025/07/22 08:58:37 [error] 33#33: *15 open() "/usr/share/nginx/html/.well-known/appspecific/com.chrome.devtools.json" failed (2: No such file or directory), client: 172.20.0.1, server: localhost, request: "GET /.well-known/appspecific/com.chrome.devtools.json HTTP/1.1", host: "localhost"
2025/07/22 08:58:44 [error] 33#33: *15 open() "/usr/share/nginx/html/.well-known/appspecific/com.chrome.devtools.json" failed (2: No such file or directory), client: 172.20.0.1, server: localhost, request: "GET /.well-known/appspecific/com.chrome.devtools.json HTTP/1.1", host: "localhost"
2025/07/22 08:59:21 [error] 34#34: *19 open() "/usr/share/nginx/html/.well-known/appspecific/com.chrome.devtools.json" failed (2: No such file or directory), client: 172.20.0.1, server: localhost, request: "GET /.well-known/appspecific/com.chrome.devtools.json HTTP/1.1", host: "localhost"
2025/07/22 09:01:19 [error] 28#28: *22 open() "/usr/share/nginx/html/.well-known/appspecific/com.chrome.devtools.json" failed (2: No such file or directory), client: 172.20.0.1, server: localhost, request: "GET /.well-known/appspecific/com.chrome.devtools.json HTTP/1.1", host: "localhost"
2025/07/22 09:01:55 [error] 30#30: *24 open() "/usr/share/nginx/html/.well-known/appspecific/com.chrome.devtools.json" failed (2: No such file or directory), client: 172.20.0.1, server: localhost, request: "GET /.well-known/appspecific/com.chrome.devtools.json HTTP/1.1", host: "localhost"
2025/07/22 09:02:53 [error] 30#30: *24 open() "/usr/share/nginx/html/.well-known/appspecific/com.chrome.devtools.json" failed (2: No such file or directory), client: 172.20.0.1, server: localhost, request: "GET /.well-known/appspecific/com.chrome.devtools.json HTTP/1.1", host: "localhost"
2025/07/22 09:09:36 [error] 28#28: *33 open() "/usr/share/nginx/html/results" failed (2: No such file or directory), client: 172.20.0.1, server: localhost, request: "GET /results?prompt=%D0%B4%D0%BB%D0%BE%D0%BE%D1%80 HTTP/1.1", host: "localhost"
2025/07/22 09:09:36 [error] 28#28: *33 open() "/usr/share/nginx/html/.well-known/appspecific/com.chrome.devtools.json" failed (2: No such file or directory), client: 172.20.0.1, server: localhost, request: "GET /.well-known/appspecific/com.chrome.devtools.json HTTP/1.1", host: "localhost"
2025/07/22 09:09:38 [error] 31#31: *35 open() "/usr/share/nginx/html/.well-known/appspecific/com.chrome.devtools.json" failed (2: No such file or directory), client: 172.20.0.1, server: localhost, request: "GET /.well-known/appspecific/com.chrome.devtools.json HTTP/1.1", host: "localhost"
2025/07/22 09:09:38 [error] 28#28: *33 open() "/usr/share/nginx/html/.well-known/appspecific/com.chrome.devtools.json" failed (2: No such file or directory), client: 172.20.0.1, server: localhost, request: "GET /.well-known/appspecific/com.chrome.devtools.json HTTP/1.1", host: "localhost"
2025/07/22 10:22:11 [notice] 1#1: signal 3 (SIGQUIT) received, shutting down
2025/07/22 10:22:11 [notice] 29#29: gracefully shutting down
2025/07/22 10:22:11 [notice] 30#30: gracefully shutting down
2025/07/22 10:22:11 [notice] 34#34: gracefully shutting down
2025/07/22 10:22:11 [notice] 31#31: gracefully shutting down
2025/07/22 10:22:11 [notice] 28#28: gracefully shutting down
2025/07/22 10:22:11 [notice] 35#35: gracefully shutting down
2025/07/22 10:22:11 [notice] 32#32: gracefully shutting down
2025/07/22 10:22:11 [notice] 33#33: gracefully shutting down
2025/07/22 10:22:11 [notice] 28#28: exiting
2025/07/22 10:22:11 [notice] 30#30: exiting
2025/07/22 10:22:11 [notice] 32#32: exiting
2025/07/22 10:22:11 [notice] 29#29: exiting
2025/07/22 10:22:11 [notice] 34#34: exiting
2025/07/22 10:22:11 [notice] 31#31: exiting
2025/07/22 10:22:11 [notice] 35#35: exiting
2025/07/22 10:22:11 [notice] 32#32: exit
2025/07/22 10:22:11 [notice] 30#30: exit
2025/07/22 10:22:11 [notice] 28#28: exit
2025/07/22 10:22:11 [notice] 29#29: exit
2025/07/22 10:22:11 [notice] 33#33: exiting
2025/07/22 10:22:11 [notice] 34#34: exit
2025/07/22 10:22:11 [notice] 31#31: exit
2025/07/22 10:22:11 [notice] 35#35: exit
2025/07/22 10:22:11 [notice] 33#33: exit
2025/07/22 10:22:11 [notice] 1#1: signal 17 (SIGCHLD) received from 28
2025/07/22 10:22:11 [notice] 1#1: worker process 28 exited with code 0
2025/07/22 10:22:11 [notice] 1#1: worker process 29 exited with code 0
2025/07/22 10:22:11 [notice] 1#1: worker process 30 exited with code 0
2025/07/22 10:22:11 [notice] 1#1: worker process 31 exited with code 0
2025/07/22 10:22:11 [notice] 1#1: worker process 32 exited with code 0
2025/07/22 10:22:11 [notice] 1#1: worker process 33 exited with code 0
2025/07/22 10:22:11 [notice] 1#1: worker process 34 exited with code 0
2025/07/22 10:22:11 [notice] 1#1: signal 29 (SIGIO) received
2025/07/22 10:22:11 [notice] 1#1: signal 17 (SIGCHLD) received from 35
2025/07/22 10:22:11 [notice] 1#1: worker process 35 exited with code 0
2025/07/22 10:22:11 [notice] 1#1: exit
